<?xml version="1.0" encoding="UTF-8"?>
<testng-results ignored="0" total="1" passed="0" failed="1" skipped="0">
  <reporter-output>
  </reporter-output>
  <suite started-at="2023-09-05T14:31:03 IST" name="Default suite" finished-at="2023-09-05T14:32:37 IST" duration-ms="93643">
    <groups>
      <group name="smoke">
        <method signature="CreateContactTest.createContactTest()[pri:0, instance:com.crm.GUIFramework.CreateContactTest@564fabc8]" name="createContactTest" class="com.crm.GUIFramework.CreateContactTest"/>
      </group> <!-- smoke -->
    </groups>
    <test started-at="2023-09-05T14:31:03 IST" name="Default test" finished-at="2023-09-05T14:32:37 IST" duration-ms="93643">
      <class name="com.crm.GUIFramework.CreateContactTest">
        <test-method is-config="true" signature="beforeSuiteconfiguration()[pri:0, instance:com.crm.GUIFramework.CreateContactTest@564fabc8]" started-at="2023-09-05T14:31:03 IST" name="beforeSuiteconfiguration" finished-at="2023-09-05T14:31:03 IST" duration-ms="61" status="PASS">
          <reporter-output>
          </reporter-output>
        </test-method> <!-- beforeSuiteconfiguration -->
        <test-method is-config="true" signature="launchBrowser()[pri:0, instance:com.crm.GUIFramework.CreateContactTest@564fabc8]" started-at="2023-09-05T14:31:03 IST" name="launchBrowser" finished-at="2023-09-05T14:31:26 IST" duration-ms="22895" status="PASS">
          <reporter-output>
          </reporter-output>
        </test-method> <!-- launchBrowser -->
        <test-method is-config="true" signature="login()[pri:0, instance:com.crm.GUIFramework.CreateContactTest@564fabc8]" started-at="2023-09-05T14:31:26 IST" name="login" finished-at="2023-09-05T14:31:50 IST" duration-ms="23331" status="PASS">
          <reporter-output>
          </reporter-output>
        </test-method> <!-- login -->
        <test-method signature="createContactTest()[pri:0, instance:com.crm.GUIFramework.CreateContactTest@564fabc8]" started-at="2023-09-05T14:31:50 IST" name="createContactTest" finished-at="2023-09-05T14:32:31 IST" duration-ms="41583" status="FAIL">
          <exception class="java.lang.AssertionError">
            <message>
              <![CDATA[null]]>
            </message>
            <full-stacktrace>
              <![CDATA[java.lang.AssertionError: null
at org.testng.Assert.fail(Assert.java:99)
at org.testng.Assert.fail(Assert.java:106)
at com.crm.GUIFramework.CreateContactTest.createContactTest(CreateContactTest.java:44)
at java.base/jdk.internal.reflect.DirectMethodHandleAccessor.invoke(DirectMethodHandleAccessor.java:104)
at java.base/java.lang.reflect.Method.invoke(Method.java:577)
at org.testng.internal.MethodInvocationHelper.invokeMethod(MethodInvocationHelper.java:133)
at org.testng.internal.TestInvoker.invokeMethod(TestInvoker.java:598)
at org.testng.internal.TestInvoker.invokeTestMethod(TestInvoker.java:173)
at org.testng.internal.MethodRunner.runInSequence(MethodRunner.java:46)
at org.testng.internal.TestInvoker$MethodInvocationAgent.invoke(TestInvoker.java:824)
at org.testng.internal.TestInvoker.invokeTestMethods(TestInvoker.java:146)
at org.testng.internal.TestMethodWorker.invokeTestMethods(TestMethodWorker.java:146)
at org.testng.internal.TestMethodWorker.run(TestMethodWorker.java:128)
at java.base/java.util.ArrayList.forEach(ArrayList.java:1511)
at org.testng.TestRunner.privateRun(TestRunner.java:794)
at org.testng.TestRunner.run(TestRunner.java:596)
at org.testng.SuiteRunner.runTest(SuiteRunner.java:377)
at org.testng.SuiteRunner.runSequentially(SuiteRunner.java:371)
at org.testng.SuiteRunner.privateRun(SuiteRunner.java:332)
at org.testng.SuiteRunner.run(SuiteRunner.java:276)
at org.testng.SuiteRunnerWorker.runSuite(SuiteRunnerWorker.java:53)
at org.testng.SuiteRunnerWorker.run(SuiteRunnerWorker.java:96)
at org.testng.TestNG.runSuitesSequentially(TestNG.java:1212)
at org.testng.TestNG.runSuitesLocally(TestNG.java:1134)
at org.testng.TestNG.runSuites(TestNG.java:1063)
at org.testng.TestNG.run(TestNG.java:1031)
at org.testng.remote.AbstractRemoteTestNG.run(AbstractRemoteTestNG.java:115)
at org.testng.remote.RemoteTestNG.initAndRun(RemoteTestNG.java:251)
at org.testng.remote.RemoteTestNG.main(RemoteTestNG.java:77)
]]>
            </full-stacktrace>
          </exception> <!-- java.lang.AssertionError -->
          <reporter-output>
          </reporter-output>
        </test-method> <!-- createContactTest -->
        <test-method is-config="true" signature="logout()[pri:0, instance:com.crm.GUIFramework.CreateContactTest@564fabc8]" started-at="2023-09-05T14:32:32 IST" name="logout" finished-at="2023-09-05T14:32:35 IST" duration-ms="3193" status="PASS">
          <reporter-output>
          </reporter-output>
        </test-method> <!-- logout -->
        <test-method is-config="true" signature="closeBrowser()[pri:0, instance:com.crm.GUIFramework.CreateContactTest@564fabc8]" started-at="2023-09-05T14:32:35 IST" name="closeBrowser" finished-at="2023-09-05T14:32:37 IST" duration-ms="1988" status="PASS">
          <reporter-output>
          </reporter-output>
        </test-method> <!-- closeBrowser -->
        <test-method is-config="true" signature="afterSuite()[pri:0, instance:com.crm.GUIFramework.CreateContactTest@564fabc8]" started-at="2023-09-05T14:32:37 IST" name="afterSuite" finished-at="2023-09-05T14:32:37 IST" duration-ms="0" status="PASS">
          <reporter-output>
          </reporter-output>
        </test-method> <!-- afterSuite -->
      </class> <!-- com.crm.GUIFramework.CreateContactTest -->
    </test> <!-- Default test -->
  </suite> <!-- Default suite -->
</testng-results>
